nohup: ignoring input
INFO:     Will watch for changes in these directories: ['/home/purgos/Code/hord_manager']
INFO:     Uvicorn running on http://127.0.0.1:8000 (Press CTRL+C to quit)
INFO:     Started reloader process [56218] using StatReload
INFO:     Started server process [56223]
INFO:     Waiting for application startup.
2025-09-27 02:49:27,002 INFO sqlalchemy.engine.Engine BEGIN (implicit)
2025-09-27 02:49:27,002 INFO sqlalchemy.engine.Engine SELECT version_num FROM alembic_version
2025-09-27 02:49:27,003 INFO sqlalchemy.engine.Engine [generated in 0.00014s] ()
2025-09-27 02:49:27,003 INFO sqlalchemy.engine.Engine ROLLBACK
INFO:     Application startup complete.
INFO:     127.0.0.1:33350 - "GET /health/ping HTTP/1.1" 200 OK
INFO:     127.0.0.1:48946 - "GET /health/ping HTTP/1.1" 200 OK
INFO:     127.0.0.1:40424 - "GET /health/ping HTTP/1.1" 200 OK
2025-09-27 02:51:22,999 INFO sqlalchemy.engine.Engine BEGIN (implicit)
2025-09-27 02:51:23,001 INFO sqlalchemy.engine.Engine SELECT global_state.id AS global_state_id, global_state.current_session AS global_state_current_session, global_state.created_at AS global_state_created_at, global_state.updated_at AS global_state_updated_at 
FROM global_state
 LIMIT ? OFFSET ?
2025-09-27 02:51:23,001 INFO sqlalchemy.engine.Engine [generated in 0.00018s] (1, 0)
INFO:     127.0.0.1:40448 - "GET /health/ping HTTP/1.1" 200 OK
2025-09-27 02:51:23,002 INFO sqlalchemy.engine.Engine ROLLBACK
INFO:     127.0.0.1:40432 - "GET /sessions/state HTTP/1.1" 200 OK
2025-09-27 02:51:23,005 INFO sqlalchemy.engine.Engine BEGIN (implicit)
2025-09-27 02:51:23,005 INFO sqlalchemy.engine.Engine SELECT global_state.id AS global_state_id, global_state.current_session AS global_state_current_session, global_state.created_at AS global_state_created_at, global_state.updated_at AS global_state_updated_at 
FROM global_state
 LIMIT ? OFFSET ?
2025-09-27 02:51:23,005 INFO sqlalchemy.engine.Engine [cached since 0.004053s ago] (1, 0)
2025-09-27 02:51:23,005 INFO sqlalchemy.engine.Engine ROLLBACK
INFO:     127.0.0.1:40448 - "GET /sessions/state HTTP/1.1" 200 OK
2025-09-27 02:51:23,006 INFO sqlalchemy.engine.Engine BEGIN (implicit)
2025-09-27 02:51:23,006 INFO sqlalchemy.engine.Engine SELECT global_state.id AS global_state_id, global_state.current_session AS global_state_current_session, global_state.created_at AS global_state_created_at, global_state.updated_at AS global_state_updated_at 
FROM global_state
 LIMIT ? OFFSET ?
2025-09-27 02:51:23,006 INFO sqlalchemy.engine.Engine [cached since 0.005739s ago] (1, 0)
2025-09-27 02:51:23,007 INFO sqlalchemy.engine.Engine ROLLBACK
INFO:     127.0.0.1:40432 - "GET /sessions/state HTTP/1.1" 200 OK
INFO:     127.0.0.1:40448 - "GET /metals/prices/current?use_mock_data=true HTTP/1.1" 200 OK
INFO:     127.0.0.1:40432 - "GET /metals/prices/current?use_mock_data=true HTTP/1.1" 200 OK
2025-09-27 02:51:46,744 INFO sqlalchemy.engine.Engine BEGIN (implicit)
2025-09-27 02:51:46,744 INFO sqlalchemy.engine.Engine SELECT global_state.id AS global_state_id, global_state.current_session AS global_state_current_session, global_state.created_at AS global_state_created_at, global_state.updated_at AS global_state_updated_at 
FROM global_state
 LIMIT ? OFFSET ?
2025-09-27 02:51:46,744 INFO sqlalchemy.engine.Engine [cached since 23.74s ago] (1, 0)
2025-09-27 02:51:46,745 INFO sqlalchemy.engine.Engine ROLLBACK
INFO:     127.0.0.1:57294 - "GET /sessions/state HTTP/1.1" 200 OK
INFO:     127.0.0.1:57294 - "GET /health/ping HTTP/1.1" 200 OK
INFO:     127.0.0.1:57304 - "GET /health/ping HTTP/1.1" 200 OK
2025-09-27 02:51:46,753 INFO sqlalchemy.engine.Engine BEGIN (implicit)
2025-09-27 02:51:46,753 INFO sqlalchemy.engine.Engine SELECT global_state.id AS global_state_id, global_state.current_session AS global_state_current_session, global_state.created_at AS global_state_created_at, global_state.updated_at AS global_state_updated_at 
FROM global_state
 LIMIT ? OFFSET ?
2025-09-27 02:51:46,753 INFO sqlalchemy.engine.Engine [cached since 23.75s ago] (1, 0)
2025-09-27 02:51:46,754 INFO sqlalchemy.engine.Engine ROLLBACK
INFO:     127.0.0.1:57304 - "GET /sessions/state HTTP/1.1" 200 OK
2025-09-27 02:51:46,793 INFO sqlalchemy.engine.Engine BEGIN (implicit)
2025-09-27 02:51:46,793 INFO sqlalchemy.engine.Engine SELECT global_state.id AS global_state_id, global_state.current_session AS global_state_current_session, global_state.created_at AS global_state_created_at, global_state.updated_at AS global_state_updated_at 
FROM global_state
 LIMIT ? OFFSET ?
2025-09-27 02:51:46,793 INFO sqlalchemy.engine.Engine [cached since 23.79s ago] (1, 0)
2025-09-27 02:51:46,793 INFO sqlalchemy.engine.Engine ROLLBACK
INFO:     127.0.0.1:57294 - "GET /sessions/state HTTP/1.1" 200 OK
INFO:     127.0.0.1:57304 - "GET /metals/prices/current?use_mock_data=true HTTP/1.1" 200 OK
INFO:     127.0.0.1:57294 - "GET /metals/prices/current?use_mock_data=true HTTP/1.1" 200 OK
2025-09-27 02:51:51,125 INFO sqlalchemy.engine.Engine BEGIN (implicit)
2025-09-27 02:51:51,126 INFO sqlalchemy.engine.Engine SELECT global_state.id AS global_state_id, global_state.current_session AS global_state_current_session, global_state.created_at AS global_state_created_at, global_state.updated_at AS global_state_updated_at 
FROM global_state
 LIMIT ? OFFSET ?
2025-09-27 02:51:51,126 INFO sqlalchemy.engine.Engine [cached since 28.13s ago] (1, 0)
2025-09-27 02:51:51,126 INFO sqlalchemy.engine.Engine ROLLBACK
INFO:     127.0.0.1:57294 - "GET /sessions/state HTTP/1.1" 200 OK
2025-09-27 02:51:51,127 INFO sqlalchemy.engine.Engine BEGIN (implicit)
2025-09-27 02:51:51,127 INFO sqlalchemy.engine.Engine SELECT global_state.id AS global_state_id, global_state.current_session AS global_state_current_session, global_state.created_at AS global_state_created_at, global_state.updated_at AS global_state_updated_at 
FROM global_state
 LIMIT ? OFFSET ?
2025-09-27 02:51:51,127 INFO sqlalchemy.engine.Engine [cached since 28.13s ago] (1, 0)
2025-09-27 02:51:51,128 INFO sqlalchemy.engine.Engine ROLLBACK
INFO:     127.0.0.1:57304 - "GET /sessions/state HTTP/1.1" 200 OK
2025-09-27 02:51:53,013 INFO sqlalchemy.engine.Engine BEGIN (implicit)
2025-09-27 02:51:53,014 INFO sqlalchemy.engine.Engine SELECT inbox_messages.id AS inbox_messages_id, inbox_messages.type AS inbox_messages_type, inbox_messages.status AS inbox_messages_status, inbox_messages.payload AS inbox_messages_payload, inbox_messages.created_at AS inbox_messages_created_at, inbox_messages.updated_at AS inbox_messages_updated_at, inbox_messages.player_id AS inbox_messages_player_id 
FROM inbox_messages ORDER BY inbox_messages.created_at DESC
2025-09-27 02:51:53,014 INFO sqlalchemy.engine.Engine BEGIN (implicit)
2025-09-27 02:51:53,014 INFO sqlalchemy.engine.Engine [generated in 0.00020s] ()
2025-09-27 02:51:53,015 INFO sqlalchemy.engine.Engine SELECT currencies.id AS currencies_id, currencies.name AS currencies_name, currencies.base_unit_value_oz_gold AS currencies_base_unit_value_oz_gold, currencies.created_at AS currencies_created_at, currencies.updated_at AS currencies_updated_at 
FROM currencies
2025-09-27 02:51:53,015 INFO sqlalchemy.engine.Engine [generated in 0.00015s] ()
2025-09-27 02:51:53,017 INFO sqlalchemy.engine.Engine ROLLBACK
INFO:     127.0.0.1:57304 - "GET /gm/inbox HTTP/1.1" 200 OK
2025-09-27 02:51:53,017 INFO sqlalchemy.engine.Engine ROLLBACK
INFO:     127.0.0.1:57294 - "GET /currencies/ HTTP/1.1" 200 OK
2025-09-27 02:51:53,020 INFO sqlalchemy.engine.Engine BEGIN (implicit)
2025-09-27 02:51:53,020 INFO sqlalchemy.engine.Engine BEGIN (implicit)
2025-09-27 02:51:53,020 INFO sqlalchemy.engine.Engine SELECT currencies.id AS currencies_id, currencies.name AS currencies_name, currencies.base_unit_value_oz_gold AS currencies_base_unit_value_oz_gold, currencies.created_at AS currencies_created_at, currencies.updated_at AS currencies_updated_at 
FROM currencies
2025-09-27 02:51:53,020 INFO sqlalchemy.engine.Engine SELECT inbox_messages.id AS inbox_messages_id, inbox_messages.type AS inbox_messages_type, inbox_messages.status AS inbox_messages_status, inbox_messages.payload AS inbox_messages_payload, inbox_messages.created_at AS inbox_messages_created_at, inbox_messages.updated_at AS inbox_messages_updated_at, inbox_messages.player_id AS inbox_messages_player_id 
FROM inbox_messages ORDER BY inbox_messages.created_at DESC
2025-09-27 02:51:53,021 INFO sqlalchemy.engine.Engine [cached since 0.005926s ago] ()
2025-09-27 02:51:53,021 INFO sqlalchemy.engine.Engine [cached since 0.006865s ago] ()
2025-09-27 02:51:53,021 INFO sqlalchemy.engine.Engine ROLLBACK
INFO:     127.0.0.1:48832 - "GET /currencies/ HTTP/1.1" 200 OK
2025-09-27 02:51:53,022 INFO sqlalchemy.engine.Engine ROLLBACK
INFO:     127.0.0.1:48824 - "GET /gm/inbox HTTP/1.1" 200 OK
WARNING:  StatReload detected changes in 'backend/app/routers/gm.py'. Reloading...
INFO:     Shutting down
INFO:     Waiting for application shutdown.
INFO:     Application shutdown complete.
INFO:     Finished server process [56223]
INFO:     Started server process [58892]
INFO:     Waiting for application startup.
2025-09-27 02:54:26,245 INFO sqlalchemy.engine.Engine BEGIN (implicit)
2025-09-27 02:54:26,245 INFO sqlalchemy.engine.Engine SELECT version_num FROM alembic_version
2025-09-27 02:54:26,245 INFO sqlalchemy.engine.Engine [generated in 0.00014s] ()
2025-09-27 02:54:26,245 INFO sqlalchemy.engine.Engine ROLLBACK
INFO:     Application startup complete.
INFO:     Shutting down
INFO:     Waiting for application shutdown.
INFO:     Application shutdown complete.
INFO:     Finished server process [58892]
INFO:     Stopping reloader process [56218]
